2024-10-11T15:17:21.733+03:00  INFO 18112 --- [JopPortal] [restartedMain] c.f.jopportal.JopPortalApplication       : Starting JopPortalApplication using Java 23 with PID 18112 (C:\Users\CM\IdeaProjects\JopPortal\target\classes started by CM in C:\Users\CM\IdeaProjects\JopPortal)
2024-10-11T15:17:21.832+03:00 DEBUG 18112 --- [JopPortal] [restartedMain] c.f.jopportal.JopPortalApplication       : Running with Spring Boot v3.3.4, Spring v6.1.13
2024-10-11T15:17:21.833+03:00  INFO 18112 --- [JopPortal] [restartedMain] c.f.jopportal.JopPortalApplication       : No active profile set, falling back to 1 default profile: "default"
2024-10-11T15:17:22.536+03:00  INFO 18112 --- [JopPortal] [restartedMain] .e.DevToolsPropertyDefaultsPostProcessor : Devtools property defaults active! Set 'spring.devtools.add-properties' to 'false' to disable
2024-10-11T15:17:22.536+03:00  INFO 18112 --- [JopPortal] [restartedMain] .e.DevToolsPropertyDefaultsPostProcessor : For additional web related logging consider setting the 'logging.level.web' property to 'DEBUG'
2024-10-11T15:17:30.352+03:00  INFO 18112 --- [JopPortal] [restartedMain] .s.d.r.c.RepositoryConfigurationDelegate : Bootstrapping Spring Data JPA repositories in DEFAULT mode.
2024-10-11T15:17:30.790+03:00  INFO 18112 --- [JopPortal] [restartedMain] .s.d.r.c.RepositoryConfigurationDelegate : Finished Spring Data repository scanning in 310 ms. Found 2 JPA repository interfaces.
2024-10-11T15:17:33.866+03:00  INFO 18112 --- [JopPortal] [restartedMain] o.s.b.w.embedded.tomcat.TomcatWebServer  : Tomcat initialized with port 8080 (http)
2024-10-11T15:17:33.885+03:00  INFO 18112 --- [JopPortal] [restartedMain] o.apache.catalina.core.StandardService   : Starting service [Tomcat]
2024-10-11T15:17:33.886+03:00  INFO 18112 --- [JopPortal] [restartedMain] o.apache.catalina.core.StandardEngine    : Starting Servlet engine: [Apache Tomcat/10.1.30]
2024-10-11T15:17:34.029+03:00  INFO 18112 --- [JopPortal] [restartedMain] o.a.c.c.C.[Tomcat].[localhost].[/]       : Initializing Spring embedded WebApplicationContext
2024-10-11T15:17:34.030+03:00  INFO 18112 --- [JopPortal] [restartedMain] w.s.c.ServletWebServerApplicationContext : Root WebApplicationContext: initialization completed in 11493 ms
2024-10-11T15:17:37.983+03:00  INFO 18112 --- [JopPortal] [restartedMain] o.hibernate.jpa.internal.util.LogHelper  : HHH000204: Processing PersistenceUnitInfo [name: default]
2024-10-11T15:17:39.286+03:00  INFO 18112 --- [JopPortal] [restartedMain] org.hibernate.Version                    : HHH000412: Hibernate ORM core version 6.2.6.Final
2024-10-11T15:17:39.293+03:00  INFO 18112 --- [JopPortal] [restartedMain] org.hibernate.cfg.Environment            : HHH000406: Using bytecode reflection optimizer
2024-10-11T15:17:40.320+03:00  INFO 18112 --- [JopPortal] [restartedMain] o.h.b.i.BytecodeProviderInitiator        : HHH000021: Bytecode provider name : bytebuddy
2024-10-11T15:17:43.743+03:00  INFO 18112 --- [JopPortal] [restartedMain] o.s.o.j.p.SpringPersistenceUnitInfo      : No LoadTimeWeaver setup: ignoring JPA class transformer
2024-10-11T15:17:45.984+03:00  INFO 18112 --- [JopPortal] [restartedMain] com.zaxxer.hikari.HikariDataSource       : HikariPool-1 - Starting...
2024-10-11T15:17:57.132+03:00  INFO 18112 --- [JopPortal] [restartedMain] com.zaxxer.hikari.pool.HikariPool        : HikariPool-1 - Added connection com.mysql.cj.jdbc.ConnectionImpl@3511c0fd
2024-10-11T15:17:57.134+03:00  INFO 18112 --- [JopPortal] [restartedMain] com.zaxxer.hikari.HikariDataSource       : HikariPool-1 - Start completed.
2024-10-11T15:18:05.426+03:00  INFO 18112 --- [JopPortal] [restartedMain] o.h.b.i.BytecodeProviderInitiator        : HHH000021: Bytecode provider name : bytebuddy
2024-10-11T15:18:07.364+03:00  WARN 18112 --- [JopPortal] [restartedMain] org.hibernate.mapping.RootClass          : HHH000038: Composite-id class does not override equals(): com.fullmoon.jopportal.entity.Recruiter
2024-10-11T15:18:07.364+03:00  WARN 18112 --- [JopPortal] [restartedMain] org.hibernate.mapping.RootClass          : HHH000039: Composite-id class does not override hashCode(): com.fullmoon.jopportal.entity.Recruiter
2024-10-11T15:18:13.339+03:00  INFO 18112 --- [JopPortal] [restartedMain] o.h.e.t.j.p.i.JtaPlatformInitiator       : HHH000490: Using JtaPlatform implementation: [org.hibernate.engine.transaction.jta.platform.internal.NoJtaPlatform]
2024-10-11T15:18:39.381+03:00  INFO 18112 --- [JopPortal] [restartedMain] j.LocalContainerEntityManagerFactoryBean : Initialized JPA EntityManagerFactory for persistence unit 'default'
2024-10-11T15:18:48.186+03:00  INFO 18112 --- [JopPortal] [restartedMain] o.s.s.p.JdbcUserDetailsManager           : No authentication manager set. Reauthentication of users when changing passwords will not be performed.
2024-10-11T15:18:48.441+03:00  INFO 18112 --- [JopPortal] [restartedMain] r$InitializeUserDetailsManagerConfigurer : Global AuthenticationManager configured with UserDetailsService bean with name userDetailsManager
2024-10-11T15:18:48.548+03:00  WARN 18112 --- [JopPortal] [restartedMain] JpaBaseConfiguration$JpaWebConfiguration : spring.jpa.open-in-view is enabled by default. Therefore, database queries may be performed during view rendering. Explicitly configure spring.jpa.open-in-view to disable this warning
2024-10-11T15:18:51.922+03:00  INFO 18112 --- [JopPortal] [restartedMain] o.s.b.d.a.OptionalLiveReloadServer       : LiveReload server is running on port 35729
2024-10-11T15:18:52.117+03:00  INFO 18112 --- [JopPortal] [restartedMain] o.s.b.w.embedded.tomcat.TomcatWebServer  : Tomcat started on port 8080 (http) with context path '/'
2024-10-11T15:18:56.040+03:00  INFO 18112 --- [JopPortal] [restartedMain] c.f.jopportal.JopPortalApplication       : Started JopPortalApplication in 96.323 seconds (process running for 104.53)
2024-10-11T15:19:37.683+03:00  INFO 18112 --- [JopPortal] [http-nio-8080-exec-1] o.a.c.c.C.[Tomcat].[localhost].[/]       : Initializing Spring DispatcherServlet 'dispatcherServlet'
2024-10-11T15:19:37.683+03:00  INFO 18112 --- [JopPortal] [http-nio-8080-exec-1] o.s.web.servlet.DispatcherServlet        : Initializing Servlet 'dispatcherServlet'
2024-10-11T15:19:37.684+03:00  INFO 18112 --- [JopPortal] [http-nio-8080-exec-1] o.s.web.servlet.DispatcherServlet        : Completed initialization in 1 ms
